Build started 25.01.2017 4:03:31.
     1>Project "C:\ConsoleApplication84\ConsoleApplication84\ConsoleApplication84.vcxproj" on node 2 (Build target(s)).
     1>ClCompile:
         C:\Program Files (x86)\Microsoft Visual Studio 12.0\VC\bin\CL.exe /c /ZI /nologo /W3 /WX- /sdl /Od /Oy- /D WIN32 /D _DEBUG /D _CONSOLE /D _LIB /D _UNICODE /D UNICODE /Gm /EHsc /RTC1 /MDd /GS /fp:precise /Zc:wchar_t /Zc:forScope /Yu"stdafx.h" /Fp"Debug\RPG.pch" /Fo"Debug\\" /Fd"Debug\vc120.pdb" /Gd /TP /analyze- /errorReport:prompt Golem.cpp Heroes.cpp MOBS.cpp RPG.cpp Skeleton.cpp Skill.cpp Warrior.cpp WarriorSkill.cpp
         RPG.cpp
     1>c:\consoleapplication84\consoleapplication84\rpg.cpp(11): warning C4244: 'argument' : conversion from 'time_t' to 'unsigned int', possible loss of data
         Generating Code...
         Skipping... (no relevant changes detected)
         WarriorSkill.cpp
         Warrior.cpp
         Skill.cpp
         Skeleton.cpp
         MOBS.cpp
         Heroes.cpp
         Golem.cpp
       Link:
         C:\Program Files (x86)\Microsoft Visual Studio 12.0\VC\bin\link.exe /ERRORREPORT:PROMPT /OUT:"C:\ConsoleApplication84\Debug\RPG.exe" /INCREMENTAL /NOLOGO kernel32.lib user32.lib gdi32.lib winspool.lib comdlg32.lib advapi32.lib shell32.lib ole32.lib oleaut32.lib uuid.lib odbc32.lib odbccp32.lib /MANIFEST /MANIFESTUAC:"level='asInvoker' uiAccess='false'" /manifest:embed /DEBUG /PDB:"C:\ConsoleApplication84\Debug\RPG.pdb" /SUBSYSTEM:CONSOLE /TLBID:1 /DYNAMICBASE /NXCOMPAT /IMPLIB:"C:\ConsoleApplication84\Debug\RPG.lib" /MACHINE:X86 Debug\Golem.obj
         Debug\Heroes.obj
         Debug\MOBS.obj
         Debug\RPG.obj
         Debug\Skeleton.obj
         Debug\Skill.obj
         Debug\stdafx.obj
         Debug\Warrior.obj
         Debug\WarriorSkill.obj
         ConsoleApplication84.vcxproj -> C:\ConsoleApplication84\Debug\RPG.exe
     1>Done Building Project "C:\ConsoleApplication84\ConsoleApplication84\ConsoleApplication84.vcxproj" (Build target(s)).

Build succeeded.

Time Elapsed 00:00:01.20
