c:\consoleapplication84\consoleapplication84\debug\rpg.pch
c:\consoleapplication84\consoleapplication84\debug\vc120.pdb
c:\consoleapplication84\consoleapplication84\debug\vc120.idb
c:\consoleapplication84\consoleapplication84\debug\stdafx.obj
c:\consoleapplication84\consoleapplication84\debug\golem.obj
c:\consoleapplication84\consoleapplication84\debug\heroes.obj
c:\consoleapplication84\consoleapplication84\debug\mobs.obj
c:\consoleapplication84\consoleapplication84\debug\rpg.obj
c:\consoleapplication84\consoleapplication84\debug\skeleton.obj
c:\consoleapplication84\consoleapplication84\debug\skill.obj
c:\consoleapplication84\consoleapplication84\debug\warrior.obj
c:\consoleapplication84\consoleapplication84\debug\warriorskill.obj
c:\consoleapplication84\debug\rpg.ilk
c:\consoleapplication84\debug\rpg.exe
c:\consoleapplication84\debug\rpg.pdb
c:\consoleapplication84\consoleapplication84\debug\rpg.tlog\cl.command.1.tlog
c:\consoleapplication84\consoleapplication84\debug\rpg.tlog\cl.read.1.tlog
c:\consoleapplication84\consoleapplication84\debug\rpg.tlog\cl.write.1.tlog
c:\consoleapplication84\consoleapplication84\debug\rpg.tlog\link.command.1.tlog
c:\consoleapplication84\consoleapplication84\debug\rpg.tlog\link.read.1.tlog
c:\consoleapplication84\consoleapplication84\debug\rpg.tlog\link.write.1.tlog
