c:\users\andreypc\documents\visual studio 2013\projects\consoleapplication82\consoleapplication82\debug\consoleapplication82.pch
c:\users\andreypc\documents\visual studio 2013\projects\consoleapplication82\consoleapplication82\debug\vc120.pdb
c:\users\andreypc\documents\visual studio 2013\projects\consoleapplication82\consoleapplication82\debug\vc120.idb
c:\users\andreypc\documents\visual studio 2013\projects\consoleapplication82\consoleapplication82\debug\stdafx.obj
c:\users\andreypc\documents\visual studio 2013\projects\consoleapplication82\consoleapplication82\debug\consoleapplication82.obj
c:\users\andreypc\documents\visual studio 2013\projects\consoleapplication82\consoleapplication82\debug\menugame.obj
c:\users\andreypc\documents\visual studio 2013\projects\consoleapplication82\consoleapplication82\debug\welcome.obj
c:\users\andreypc\documents\visual studio 2013\projects\consoleapplication82\debug\consoleapplication82.ilk
c:\users\andreypc\documents\visual studio 2013\projects\consoleapplication82\debug\consoleapplication82.exe
c:\users\andreypc\documents\visual studio 2013\projects\consoleapplication82\debug\consoleapplication82.pdb
c:\users\andreypc\documents\visual studio 2013\projects\consoleapplication82\consoleapplication82\debug\consoleapplication82.res
c:\users\andreypc\documents\visual studio 2013\projects\consoleapplication82\consoleapplication82\debug\consolea.8efa8cd3.tlog\cl.command.1.tlog
c:\users\andreypc\documents\visual studio 2013\projects\consoleapplication82\consoleapplication82\debug\consolea.8efa8cd3.tlog\cl.read.1.tlog
c:\users\andreypc\documents\visual studio 2013\projects\consoleapplication82\consoleapplication82\debug\consolea.8efa8cd3.tlog\cl.write.1.tlog
c:\users\andreypc\documents\visual studio 2013\projects\consoleapplication82\consoleapplication82\debug\consolea.8efa8cd3.tlog\link.command.1.tlog
c:\users\andreypc\documents\visual studio 2013\projects\consoleapplication82\consoleapplication82\debug\consolea.8efa8cd3.tlog\link.read.1.tlog
c:\users\andreypc\documents\visual studio 2013\projects\consoleapplication82\consoleapplication82\debug\consolea.8efa8cd3.tlog\link.write.1.tlog
c:\users\andreypc\documents\visual studio 2013\projects\consoleapplication82\consoleapplication82\debug\consolea.8efa8cd3.tlog\rc.command.1.tlog
c:\users\andreypc\documents\visual studio 2013\projects\consoleapplication82\consoleapplication82\debug\consolea.8efa8cd3.tlog\rc.read.1.tlog
c:\users\andreypc\documents\visual studio 2013\projects\consoleapplication82\consoleapplication82\debug\consolea.8efa8cd3.tlog\rc.write.1.tlog
